{
  "stats": {
    "suites": 1,
    "tests": 7,
    "passes": 7,
    "pending": 0,
    "failures": 0,
    "testsRegistered": 7,
    "passPercent": 100,
    "pendingPercent": 0,
    "other": 0,
    "hasOther": false,
    "skipped": 0,
    "hasSkipped": false,
    "start": "2026-03-02T03:43:17.088Z",
    "end": "2026-03-02T03:52:11.428Z",
    "duration": 534340
  },
  "results": [
    {
      "uuid": "151c1725-7fa6-428a-8dba-ea0b367de422",
      "title": "",
      "fullFile": "cypress\\e2e\\contractorRegistration\\contractorRegistrationAmendmentModule\\contractorRegistrationAmendmentEditForm.cy.js",
      "file": "cypress\\e2e\\contractorRegistration\\contractorRegistrationAmendmentModule\\contractorRegistrationAmendmentEditForm.cy.js",
      "beforeHooks": [],
      "afterHooks": [],
      "tests": [],
      "suites": [
        {
          "uuid": "a66c2fb6-c83b-4627-bf59-b4b24bd108ea",
          "title": "Cypress Automation for Contractor Registration Amendment Edit Blade Testing",
          "fullFile": "cypress\\e2e\\contractorRegistration\\contractorRegistrationAmendmentModule\\contractorRegistrationAmendmentEditForm.cy.js",
          "file": "cypress\\e2e\\contractorRegistration\\contractorRegistrationAmendmentModule\\contractorRegistrationAmendmentEditForm.cy.js",
          "beforeHooks": [],
          "afterHooks": [],
          "tests": [
            {
              "title": "should execute open contractor registration amendment form",
              "fullTitle": "Cypress Automation for Contractor Registration Amendment Edit Blade Testing should execute open contractor registration amendment form",
              "timedOut": null,
              "duration": 98851,
              "state": "passed",
              "speed": "slow",
              "pass": true,
              "fail": false,
              "pending": false,
              "context": "[\n    {\n        \"title\": \"Spec video recording\",\n        \"value\": \"videos/contractorRegistrationAmendmentEditForm.cy.js.mp4\"\n    }\n]",
              "code": "// Step 0: Applicant registration\n(0, _login.applicantLoginPage)();\n(0, _contractorRegistrationAmendmentEditForm.contractorAmendmentAddForm)();\n(0, _login.applicantLogoutPage)();",
              "err": {},
              "uuid": "3e9f0625-8d1b-4530-8055-a9f339190076",
              "parentUUID": "a66c2fb6-c83b-4627-bf59-b4b24bd108ea",
              "isHook": false,
              "skipped": false
            },
            {
              "title": "should execute open edit blade and complete for payment",
              "fullTitle": "Cypress Automation for Contractor Registration Amendment Edit Blade Testing should execute open edit blade and complete for payment",
              "timedOut": null,
              "duration": 135892,
              "state": "passed",
              "speed": "slow",
              "pass": true,
              "fail": false,
              "pending": false,
              "context": "[\n    {\n        \"title\": \"Spec video recording\",\n        \"value\": \"videos/contractorRegistrationAmendmentEditForm.cy.js.mp4\"\n    }\n]",
              "code": "// Step 0: Applicant registration\n(0, _login.applicantLoginPage)();\n(0, _contractorRegistrationAmendmentEditForm.contractorAmendmentEditSubmitFormOpen)();\n(0, _login.applicantLogoutPage)();",
              "err": {},
              "uuid": "ef210161-d454-4171-b6a9-735810424b8f",
              "parentUUID": "a66c2fb6-c83b-4627-bf59-b4b24bd108ea",
              "isHook": false,
              "skipped": false
            },
            {
              "title": "should execute technicalOfficerAssistantEngineer Step1 desk user processing",
              "fullTitle": "Cypress Automation for Contractor Registration Amendment Edit Blade Testing should execute technicalOfficerAssistantEngineer Step1 desk user processing",
              "timedOut": null,
              "duration": 56359,
              "state": "passed",
              "speed": "slow",
              "pass": true,
              "fail": false,
              "pending": false,
              "context": "[\n    {\n        \"title\": \"Spec video recording\",\n        \"value\": \"videos/contractorRegistrationAmendmentEditForm.cy.js.mp4\"\n    }\n]",
              "code": "// Step 1: Desk user processing\n(0, _login.deskUserLoginPage)();\n(0, _contractorRegistrationAmendmentEditForm.technicalOfficerAssistantEngineerStep1)();\n(0, _login.applicantLogoutPage)();",
              "err": {},
              "uuid": "3940a7bb-75cc-42a8-a9be-280210ed32bc",
              "parentUUID": "a66c2fb6-c83b-4627-bf59-b4b24bd108ea",
              "isHook": false,
              "skipped": false
            },
            {
              "title": "should execute deputyChiefEngineer Step2 desk user processing",
              "fullTitle": "Cypress Automation for Contractor Registration Amendment Edit Blade Testing should execute deputyChiefEngineer Step2 desk user processing",
              "timedOut": null,
              "duration": 62715,
              "state": "passed",
              "speed": "slow",
              "pass": true,
              "fail": false,
              "pending": false,
              "context": "[\n    {\n        \"title\": \"Spec video recording\",\n        \"value\": \"videos/contractorRegistrationAmendmentEditForm.cy.js.mp4\"\n    }\n]",
              "code": "// Step 2: Desk user processing\n(0, _login.deskUserLoginPage)();\n(0, _contractorRegistrationAmendmentEditForm.deputyChiefEngineerStep2)();\n(0, _login.applicantLogoutPage)();",
              "err": {},
              "uuid": "f3f2e2da-b7f2-4abe-b1d9-ff6d1b912183",
              "parentUUID": "a66c2fb6-c83b-4627-bf59-b4b24bd108ea",
              "isHook": false,
              "skipped": false
            },
            {
              "title": "should execute chiefEngineer Step3 desk user processing",
              "fullTitle": "Cypress Automation for Contractor Registration Amendment Edit Blade Testing should execute chiefEngineer Step3 desk user processing",
              "timedOut": null,
              "duration": 60243,
              "state": "passed",
              "speed": "slow",
              "pass": true,
              "fail": false,
              "pending": false,
              "context": "[\n    {\n        \"title\": \"Spec video recording\",\n        \"value\": \"videos/contractorRegistrationAmendmentEditForm.cy.js.mp4\"\n    }\n]",
              "code": "// Step 3: Desk user processing\n(0, _login.deskUserLoginPage)();\n(0, _contractorRegistrationAmendmentEditForm.chiefEngineerStep3)();\n(0, _login.applicantLogoutPage)();",
              "err": {},
              "uuid": "22260a8e-5c67-43fb-9e01-926f825d1c84",
              "parentUUID": "a66c2fb6-c83b-4627-bf59-b4b24bd108ea",
              "isHook": false,
              "skipped": false
            },
            {
              "title": "should check certificate button visibility after approval",
              "fullTitle": "Cypress Automation for Contractor Registration Amendment Edit Blade Testing should check certificate button visibility after approval",
              "timedOut": null,
              "duration": 56337,
              "state": "passed",
              "speed": "slow",
              "pass": true,
              "fail": false,
              "pending": false,
              "context": "[\n    {\n        \"title\": \"Spec video recording\",\n        \"value\": \"videos/contractorRegistrationAmendmentEditForm.cy.js.mp4\"\n    }\n]",
              "code": "// step 4: Check certificate button visibility\n(0, _login.applicantLoginPage)();\n(0, _contractorRegistrationAmendmentEditForm.certificateButtonCheck)();\n(0, _login.applicantLogoutPage)();",
              "err": {},
              "uuid": "20e94fd8-500a-4a10-95ce-17b24e4d102e",
              "parentUUID": "a66c2fb6-c83b-4627-bf59-b4b24bd108ea",
              "isHook": false,
              "skipped": false
            },
            {
              "title": "should check view blade sections",
              "fullTitle": "Cypress Automation for Contractor Registration Amendment Edit Blade Testing should check view blade sections",
              "timedOut": null,
              "duration": 61059,
              "state": "passed",
              "speed": "slow",
              "pass": true,
              "fail": false,
              "pending": false,
              "context": "[\n    {\n        \"title\": \"Spec video recording\",\n        \"value\": \"videos/contractorRegistrationAmendmentEditForm.cy.js.mp4\"\n    }\n]",
              "code": "// step 5: Check view blade sections\n(0, _login.applicantLoginPage)();\n(0, _contractorRegistrationAmendmentEditForm.viewBladeSectionsCheck)();\n(0, _login.applicantLogoutPage)();",
              "err": {},
              "uuid": "8d561592-5ee0-42c8-b394-c89c7e66b004",
              "parentUUID": "a66c2fb6-c83b-4627-bf59-b4b24bd108ea",
              "isHook": false,
              "skipped": false
            }
          ],
          "suites": [],
          "passes": [
            "3e9f0625-8d1b-4530-8055-a9f339190076",
            "ef210161-d454-4171-b6a9-735810424b8f",
            "3940a7bb-75cc-42a8-a9be-280210ed32bc",
            "f3f2e2da-b7f2-4abe-b1d9-ff6d1b912183",
            "22260a8e-5c67-43fb-9e01-926f825d1c84",
            "20e94fd8-500a-4a10-95ce-17b24e4d102e",
            "8d561592-5ee0-42c8-b394-c89c7e66b004"
          ],
          "failures": [],
          "pending": [],
          "skipped": [],
          "duration": 531456,
          "root": false,
          "rootEmpty": false,
          "_timeout": 2000
        }
      ],
      "passes": [],
      "failures": [],
      "pending": [],
      "skipped": [],
      "duration": 0,
      "root": true,
      "rootEmpty": true,
      "_timeout": 2000
    }
  ],
  "meta": {
    "mocha": {
      "version": "7.2.0"
    },
    "mochawesome": {
      "options": {
        "quiet": false,
        "reportFilename": "index",
        "saveHtml": false,
        "saveJson": true,
        "consoleReporter": "spec",
        "useInlineDiffs": false,
        "code": true
      },
      "version": "7.1.4"
    },
    "marge": {
      "options": {
        "reportTitle": "BSCIC Automation Test Report",
        "reportPageTitle": "BSCIC Test Results",
        "embeddedScreenshots": true,
        "inlineAssets": true,
        "saveJson": true,
        "charts": true,
        "reportDir": "cypress\\reports\\html\\.jsons",
        "overwrite": false,
        "html": false,
        "json": true,
        "reportFilename": "index"
      },
      "version": "6.3.2"
    }
  }
}